<?xml version="1.0" encoding="UTF-8"?>
<coverage generated="1719721431152" clover="3.2.0">
  <project timestamp="1719721431153" name="All files">
    <metrics statements="45" coveredstatements="38" conditionals="1" coveredconditionals="0" methods="14" coveredmethods="13" elements="60" coveredelements="51" complexity="0" loc="45" ncloc="45" packages="1" files="3" classes="3"/>
    <file name="Encrypt.ts" path="/home/runner/work/messaging-gateway/messaging-gateway/packages/lib/src/Encrypt.ts">
      <metrics statements="32" coveredstatements="31" conditionals="1" coveredconditionals="0" methods="8" coveredmethods="8"/>
      <line num="1" count="1" type="stmt"/>
      <line num="7" count="1" type="stmt"/>
      <line num="9" count="1" type="stmt"/>
      <line num="10" count="1" type="stmt"/>
      <line num="13" count="4" type="stmt"/>
      <line num="16" count="1" type="stmt"/>
      <line num="25" count="3" type="stmt"/>
      <line num="26" count="3" type="stmt"/>
      <line num="30" count="1" type="stmt"/>
      <line num="31" count="1" type="cond" truecount="0" falsecount="1"/>
      <line num="32" count="0" type="stmt"/>
      <line num="37" count="1" type="stmt"/>
      <line num="38" count="1" type="stmt"/>
      <line num="39" count="1" type="stmt"/>
      <line num="40" count="1" type="stmt"/>
      <line num="44" count="4" type="stmt"/>
      <line num="45" count="4" type="stmt"/>
      <line num="46" count="4" type="stmt"/>
      <line num="50" count="1" type="stmt"/>
      <line num="60" count="1" type="stmt"/>
      <line num="72" count="3" type="stmt"/>
      <line num="73" count="3" type="stmt"/>
      <line num="74" count="3" type="stmt"/>
      <line num="76" count="3" type="stmt"/>
      <line num="78" count="3" type="stmt"/>
      <line num="79" count="3" type="stmt"/>
      <line num="81" count="3" type="stmt"/>
      <line num="94" count="1" type="stmt"/>
      <line num="95" count="1" type="stmt"/>
      <line num="97" count="1" type="stmt"/>
      <line num="98" count="1" type="stmt"/>
      <line num="100" count="1" type="stmt"/>
    </file>
    <file name="Line.ts" path="/home/runner/work/messaging-gateway/messaging-gateway/packages/lib/src/Line.ts">
      <metrics statements="6" coveredstatements="0" conditionals="0" coveredconditionals="0" methods="1" coveredmethods="0"/>
      <line num="1" count="0" type="stmt"/>
      <line num="12" count="0" type="stmt"/>
      <line num="18" count="0" type="stmt"/>
      <line num="24" count="0" type="stmt"/>
      <line num="32" count="0" type="stmt"/>
      <line num="39" count="0" type="stmt"/>
    </file>
    <file name="Secret.ts" path="/home/runner/work/messaging-gateway/messaging-gateway/packages/lib/src/Secret.ts">
      <metrics statements="7" coveredstatements="7" conditionals="0" coveredconditionals="0" methods="5" coveredmethods="5"/>
      <line num="1" count="2" type="stmt"/>
      <line num="5" count="22" type="stmt"/>
      <line num="9" count="11" type="stmt"/>
      <line num="13" count="7" type="stmt"/>
      <line num="17" count="7" type="stmt"/>
      <line num="21" count="14" type="stmt"/>
      <line num="22" count="14" type="stmt"/>
    </file>
  </project>
</coverage>
