{"/home/runner/work/messaging-gateway/messaging-gateway/packages/lib/src/Encrypt.ts": {"path":"/home/runner/work/messaging-gateway/messaging-gateway/packages/lib/src/Encrypt.ts","statementMap":{"0":{"start":{"line":1,"column":0},"end":{"line":1,"column":null}},"1":{"start":{"line":7,"column":0},"end":{"line":7,"column":40}},"2":{"start":{"line":9,"column":18},"end":{"line":9,"column":31}},"3":{"start":{"line":10,"column":18},"end":{"line":10,"column":21}},"4":{"start":{"line":13,"column":2},"end":{"line":13,"column":48}},"5":{"start":{"line":25,"column":37},"end":{"line":25,"column":65}},"6":{"start":{"line":26,"column":4},"end":{"line":26,"column":52}},"7":{"start":{"line":30,"column":20},"end":{"line":30,"column":51}},"8":{"start":{"line":31,"column":4},"end":{"line":35,"column":5}},"9":{"start":{"line":32,"column":6},"end":{"line":34,"column":8}},"10":{"start":{"line":37,"column":15},"end":{"line":37,"column":45}},"11":{"start":{"line":38,"column":17},"end":{"line":38,"column":47}},"12":{"start":{"line":39,"column":23},"end":{"line":39,"column":33}},"13":{"start":{"line":40,"column":4},"end":{"line":40,"column":52}},"14":{"start":{"line":44,"column":4},"end":{"line":44,"column":33}},"15":{"start":{"line":45,"column":4},"end":{"line":45,"column":17}},"16":{"start":{"line":46,"column":4},"end":{"line":46,"column":21}},"17":{"start":{"line":50,"column":4},"end":{"line":56,"column":6}},"18":{"start":{"line":60,"column":4},"end":{"line":60,"column":66}},"19":{"start":{"line":16,"column":0},"end":{"line":16,"column":13}},"20":{"start":{"line":72,"column":13},"end":{"line":72,"column":28}},"21":{"start":{"line":73,"column":15},"end":{"line":73,"column":30}},"22":{"start":{"line":74,"column":14},"end":{"line":74,"column":37}},"23":{"start":{"line":76,"column":17},"end":{"line":76,"column":51}},"24":{"start":{"line":78,"column":19},"end":{"line":78,"column":58}},"25":{"start":{"line":79,"column":2},"end":{"line":79,"column":36}},"26":{"start":{"line":81,"column":2},"end":{"line":85,"column":4}},"27":{"start":{"line":94,"column":14},"end":{"line":94,"column":37}},"28":{"start":{"line":95,"column":19},"end":{"line":95,"column":55}},"29":{"start":{"line":97,"column":18},"end":{"line":97,"column":60}},"30":{"start":{"line":98,"column":2},"end":{"line":98,"column":38}},"31":{"start":{"line":100,"column":2},"end":{"line":100,"column":37}}},"fnMap":{"0":{"name":"makeKey","decl":{"start":{"line":12,"column":9},"end":{"line":12,"column":16}},"loc":{"start":{"line":12,"column":53},"end":{"line":14,"column":1}}},"1":{"name":"(anonymous_1)","decl":{"start":{"line":21,"column":2},"end":{"line":21,"column":8}},"loc":{"start":{"line":23,"column":26},"end":{"line":27,"column":3}}},"2":{"name":"(anonymous_2)","decl":{"start":{"line":29,"column":2},"end":{"line":29,"column":8}},"loc":{"start":{"line":29,"column":54},"end":{"line":41,"column":3}}},"3":{"name":"(anonymous_3)","decl":{"start":{"line":43,"column":2},"end":{"line":43,"column":14}},"loc":{"start":{"line":43,"column":58},"end":{"line":47,"column":3}}},"4":{"name":"(anonymous_4)","decl":{"start":{"line":49,"column":2},"end":{"line":49,"column":11}},"loc":{"start":{"line":49,"column":11},"end":{"line":57,"column":3}}},"5":{"name":"(anonymous_5)","decl":{"start":{"line":59,"column":2},"end":{"line":59,"column":9}},"loc":{"start":{"line":59,"column":32},"end":{"line":61,"column":3}}},"6":{"name":"encrypt","decl":{"start":{"line":64,"column":9},"end":{"line":64,"column":16}},"loc":{"start":{"line":66,"column":24},"end":{"line":86,"column":1}}},"7":{"name":"decrypt","decl":{"start":{"line":88,"column":9},"end":{"line":88,"column":16}},"loc":{"start":{"line":92,"column":12},"end":{"line":101,"column":1}}}},"branchMap":{"0":{"loc":{"start":{"line":31,"column":4},"end":{"line":35,"column":5}},"type":"if","locations":[{"start":{"line":31,"column":4},"end":{"line":35,"column":5}}]}},"s":{"0":1,"1":1,"2":1,"3":1,"4":4,"5":3,"6":3,"7":1,"8":1,"9":0,"10":1,"11":1,"12":1,"13":1,"14":4,"15":4,"16":4,"17":1,"18":1,"19":1,"20":3,"21":3,"22":3,"23":3,"24":3,"25":3,"26":3,"27":1,"28":1,"29":1,"30":1,"31":1},"f":{"0":4,"1":3,"2":1,"3":4,"4":1,"5":1,"6":3,"7":1},"b":{"0":[0]}}
,"/home/runner/work/messaging-gateway/messaging-gateway/packages/lib/src/Line.ts": {"path":"/home/runner/work/messaging-gateway/messaging-gateway/packages/lib/src/Line.ts","statementMap":{"0":{"start":{"line":13,"column":0},"end":{"line":13,"column":7}},"1":{"start":{"line":69,"column":0},"end":{"line":69,"column":7}},"2":{"start":{"line":1,"column":0},"end":{"line":1,"column":38}},"3":{"start":{"line":2,"column":0},"end":{"line":2,"column":29}},"4":{"start":{"line":19,"column":15},"end":{"line":23,"column":4}},"5":{"start":{"line":25,"column":16},"end":{"line":31,"column":4}},"6":{"start":{"line":33,"column":17},"end":{"line":38,"column":12}},"7":{"start":{"line":40,"column":2},"end":{"line":40,"column":27}},"8":{"start":{"line":72,"column":17},"end":{"line":72,"column":73}},"9":{"start":{"line":75,"column":20},"end":{"line":78,"column":null}},"10":{"start":{"line":81,"column":2},"end":{"line":85,"column":4}}},"fnMap":{"0":{"name":"generateJwt","decl":{"start":{"line":13,"column":22},"end":{"line":13,"column":33}},"loc":{"start":{"line":17,"column":21},"end":{"line":41,"column":1}}},"1":{"name":"issueChannelAccessToken","decl":{"start":{"line":69,"column":22},"end":{"line":69,"column":45}},"loc":{"start":{"line":70,"column":13},"end":{"line":86,"column":1}}}},"branchMap":{"0":{"loc":{"start":{"line":82,"column":17},"end":{"line":82,"column":74}},"type":"binary-expr","locations":[{"start":{"line":82,"column":17},"end":{"line":82,"column":41}},{"start":{"line":82,"column":45},"end":{"line":82,"column":68}},{"start":{"line":82,"column":72},"end":{"line":82,"column":74}}]},"1":{"loc":{"start":{"line":83,"column":15},"end":{"line":83,"column":67}},"type":"binary-expr","locations":[{"start":{"line":83,"column":15},"end":{"line":83,"column":37}},{"start":{"line":83,"column":41},"end":{"line":83,"column":62}},{"start":{"line":83,"column":66},"end":{"line":83,"column":67}}]},"2":{"loc":{"start":{"line":84,"column":11},"end":{"line":84,"column":56}},"type":"binary-expr","locations":[{"start":{"line":84,"column":11},"end":{"line":84,"column":29}},{"start":{"line":84,"column":33},"end":{"line":84,"column":50}},{"start":{"line":84,"column":54},"end":{"line":84,"column":56}}]}},"s":{"0":0,"1":0,"2":0,"3":0,"4":0,"5":0,"6":0,"7":0,"8":0,"9":0,"10":0},"f":{"0":0,"1":0},"b":{"0":[0,0,0],"1":[0,0,0],"2":[0,0,0]}}
,"/home/runner/work/messaging-gateway/messaging-gateway/packages/lib/src/Secret.ts": {"path":"/home/runner/work/messaging-gateway/messaging-gateway/packages/lib/src/Secret.ts","statementMap":{"0":{"start":{"line":5,"column":4},"end":{"line":5,"column":24}},"1":{"start":{"line":9,"column":4},"end":{"line":9,"column":23}},"2":{"start":{"line":13,"column":4},"end":{"line":13,"column":23}},"3":{"start":{"line":17,"column":4},"end":{"line":17,"column":23}},"4":{"start":{"line":21,"column":19},"end":{"line":21,"column":21}},"5":{"start":{"line":22,"column":4},"end":{"line":24,"column":5}},"6":{"start":{"line":23,"column":6},"end":{"line":23,"column":45}},"7":{"start":{"line":25,"column":4},"end":{"line":25,"column":35}},"8":{"start":{"line":1,"column":0},"end":{"line":1,"column":13}}},"fnMap":{"0":{"name":"(anonymous_0)","decl":{"start":{"line":4,"column":2},"end":{"line":4,"column":14}},"loc":{"start":{"line":4,"column":27},"end":{"line":6,"column":3}}},"1":{"name":"(anonymous_1)","decl":{"start":{"line":8,"column":2},"end":{"line":8,"column":7}},"loc":{"start":{"line":8,"column":7},"end":{"line":10,"column":3}}},"2":{"name":"(anonymous_2)","decl":{"start":{"line":12,"column":2},"end":{"line":12,"column":10}},"loc":{"start":{"line":12,"column":10},"end":{"line":14,"column":3}}},"3":{"name":"(anonymous_3)","decl":{"start":{"line":16,"column":2},"end":{"line":16,"column":8}},"loc":{"start":{"line":16,"column":8},"end":{"line":18,"column":3}}},"4":{"name":"(anonymous_4)","decl":{"start":{"line":20,"column":10},"end":{"line":20,"column":14}},"loc":{"start":{"line":20,"column":14},"end":{"line":26,"column":3}}}},"branchMap":{"0":{"loc":{"start":{"line":22,"column":4},"end":{"line":24,"column":5}},"type":"if","locations":[{"start":{"line":22,"column":4},"end":{"line":24,"column":5}}]}},"s":{"0":25,"1":12,"2":8,"3":8,"4":16,"5":16,"6":4,"7":16,"8":2},"f":{"0":25,"1":12,"2":8,"3":8,"4":16},"b":{"0":[4]}}
}
