TN:
SF:src/Encrypt.ts
FN:12,makeKey
FN:21,(anonymous_1)
FN:29,(anonymous_2)
FN:43,(anonymous_3)
FN:49,(anonymous_4)
FN:59,(anonymous_5)
FN:64,encrypt
FN:88,decrypt
FNF:8
FNH:8
FNDA:4,makeKey
FNDA:3,(anonymous_1)
FNDA:1,(anonymous_2)
FNDA:4,(anonymous_3)
FNDA:1,(anonymous_4)
FNDA:1,(anonymous_5)
FNDA:3,encrypt
FNDA:1,decrypt
DA:1,1
DA:7,1
DA:9,1
DA:10,1
DA:13,4
DA:16,1
DA:25,3
DA:26,3
DA:30,1
DA:31,1
DA:32,0
DA:37,1
DA:38,1
DA:39,1
DA:40,1
DA:44,4
DA:45,4
DA:46,4
DA:50,1
DA:60,1
DA:72,3
DA:73,3
DA:74,3
DA:76,3
DA:78,3
DA:79,3
DA:81,3
DA:94,1
DA:95,1
DA:97,1
DA:98,1
DA:100,1
LF:32
LH:31
BRDA:31,0,0,0
BRF:1
BRH:0
end_of_record
TN:
SF:src/Secret.ts
FN:4,(anonymous_0)
FN:8,(anonymous_1)
FN:12,(anonymous_2)
FN:16,(anonymous_3)
FN:20,(anonymous_4)
FNF:5
FNH:5
FNDA:22,(anonymous_0)
FNDA:11,(anonymous_1)
FNDA:7,(anonymous_2)
FNDA:7,(anonymous_3)
FNDA:14,(anonymous_4)
DA:1,2
DA:5,22
DA:9,11
DA:13,7
DA:17,7
DA:21,14
DA:22,14
LF:7
LH:7
BRF:0
BRH:0
end_of_record
