TN:
SF:src/Encrypt.ts
FN:12,makeKey
FN:21,(anonymous_1)
FN:29,(anonymous_2)
FN:43,(anonymous_3)
FN:49,(anonymous_4)
FN:59,(anonymous_5)
FN:64,encrypt
FN:88,decrypt
FNF:8
FNH:8
FNDA:4,makeKey
FNDA:3,(anonymous_1)
FNDA:1,(anonymous_2)
FNDA:4,(anonymous_3)
FNDA:1,(anonymous_4)
FNDA:1,(anonymous_5)
FNDA:3,encrypt
FNDA:1,decrypt
DA:1,1
DA:7,1
DA:9,1
DA:10,1
DA:13,4
DA:16,1
DA:25,3
DA:26,3
DA:30,1
DA:31,1
DA:32,0
DA:37,1
DA:38,1
DA:39,1
DA:40,1
DA:44,4
DA:45,4
DA:46,4
DA:50,1
DA:60,1
DA:72,3
DA:73,3
DA:74,3
DA:76,3
DA:78,3
DA:79,3
DA:81,3
DA:94,1
DA:95,1
DA:97,1
DA:98,1
DA:100,1
LF:32
LH:31
BRDA:31,0,0,0
BRF:1
BRH:0
end_of_record
TN:
SF:src/Line.ts
FN:13,generateJwt
FN:69,issueChannelAccessToken
FNF:2
FNH:0
FNDA:0,generateJwt
FNDA:0,issueChannelAccessToken
DA:1,0
DA:2,0
DA:13,0
DA:19,0
DA:25,0
DA:33,0
DA:40,0
DA:69,0
DA:72,0
DA:75,0
DA:81,0
LF:11
LH:0
BRDA:82,0,0,0
BRDA:82,0,1,0
BRDA:82,0,2,0
BRDA:83,1,0,0
BRDA:83,1,1,0
BRDA:83,1,2,0
BRDA:84,2,0,0
BRDA:84,2,1,0
BRDA:84,2,2,0
BRF:9
BRH:0
end_of_record
TN:
SF:src/Secret.ts
FN:4,(anonymous_0)
FN:8,(anonymous_1)
FN:12,(anonymous_2)
FN:16,(anonymous_3)
FN:20,(anonymous_4)
FNF:5
FNH:5
FNDA:25,(anonymous_0)
FNDA:12,(anonymous_1)
FNDA:8,(anonymous_2)
FNDA:8,(anonymous_3)
FNDA:16,(anonymous_4)
DA:1,2
DA:5,25
DA:9,12
DA:13,8
DA:17,8
DA:21,16
DA:22,16
DA:23,4
DA:25,16
LF:9
LH:9
BRDA:22,0,0,4
BRF:1
BRH:1
end_of_record
